  main.cpp
C:\Users\dsull\code\ParticleViewer\ParticleViewer\include\Shader.h(63,10): warning C4101: 'infoLog': unreferenced local variable
  (compiling source file 'main.cpp')
  
C:\Users\dsull\code\ParticleViewer\ParticleViewer\include\Shader.h(62,9): warning C4101: 'success': unreferenced local variable
  (compiling source file 'main.cpp')
  
C:\Users\dsull\code\ParticleViewer\ParticleViewer\main.cpp(101,24): warning C4244: 'initializing': conversion from 'double' to 'GLfloat', possible loss of data
C:\Users\dsull\code\ParticleViewer\ParticleViewer\main.cpp(198,11): warning C4244: '=': conversion from 'double' to 'GLfloat', possible loss of data
C:\Users\dsull\code\ParticleViewer\ParticleViewer\main.cpp(199,11): warning C4244: '=': conversion from 'double' to 'GLfloat', possible loss of data
C:\Users\dsull\code\ParticleViewer\ParticleViewer\main.cpp(203,18): warning C4244: 'initializing': conversion from 'double' to 'GLfloat', possible loss of data
C:\Users\dsull\code\ParticleViewer\ParticleViewer\main.cpp(204,18): warning C4244: 'initializing': conversion from 'double' to 'GLfloat', possible loss of data
C:\Users\dsull\code\ParticleViewer\ParticleViewer\main.cpp(206,10): warning C4244: '=': conversion from 'double' to 'GLfloat', possible loss of data
C:\Users\dsull\code\ParticleViewer\ParticleViewer\main.cpp(207,10): warning C4244: '=': conversion from 'double' to 'GLfloat', possible loss of data
C:\Users\dsull\code\ParticleViewer\ParticleViewer\main.cpp(215,28): warning C4244: 'argument': conversion from 'double' to 'float', possible loss of data
  ParticleViewer.vcxproj -> C:\Users\dsull\code\ParticleViewer\x64\Debug\ParticleViewer.exe
  'pwsh.exe' is not recognized as an internal or external command,
  operable program or batch file.
  C:\Users\dsull\code\ParticleViewer\ParticleViewer\resources\shaders\coordinate_systems.frag
  C:\Users\dsull\code\ParticleViewer\ParticleViewer\resources\shaders\coordinate_systems.vs
  C:\Users\dsull\code\ParticleViewer\ParticleViewer\resources\shaders\particle.frag
  C:\Users\dsull\code\ParticleViewer\ParticleViewer\resources\shaders\particle.vs
  C:\Users\dsull\code\ParticleViewer\ParticleViewer\resources\shaders\posShader.frag
  C:\Users\dsull\code\ParticleViewer\ParticleViewer\resources\shaders\posShader.vs
  C:\Users\dsull\code\ParticleViewer\ParticleViewer\resources\shaders\texture.frag
  C:\Users\dsull\code\ParticleViewer\ParticleViewer\resources\shaders\texture.vs
  C:\Users\dsull\code\ParticleViewer\ParticleViewer\resources\shaders\transform.frag
  C:\Users\dsull\code\ParticleViewer\ParticleViewer\resources\shaders\transform.vs
  C:\Users\dsull\code\ParticleViewer\ParticleViewer\resources\textures\awesomeface.png
  C:\Users\dsull\code\ParticleViewer\ParticleViewer\resources\textures\container.jpg
  12 File(s) copied
          1 file(s) copied.
          1 file(s) copied.
          1 file(s) copied.
          1 file(s) copied.
