c:\users\dsull\code\particleviewer\particleviewer\x64\debug\vc143.pdb
c:\users\dsull\code\particleviewer\particleviewer\x64\debug\vc143.idb
c:\users\dsull\code\particleviewer\particleviewer\x64\debug\ramses_particle_manager.obj
c:\users\dsull\code\particleviewer\particleviewer\x64\debug\particle.obj
c:\users\dsull\code\particleviewer\particleviewer\x64\debug\hydrorenderer.obj
c:\users\dsull\code\particleviewer\particleviewer\x64\debug\amrgridrenderer.obj
c:\users\dsull\code\particleviewer\particleviewer\x64\debug\display.obj
c:\users\dsull\code\particleviewer\particleviewer\x64\debug\main.obj
c:\users\dsull\code\particleviewer\x64\debug\particleviewer.exe
c:\users\dsull\code\particleviewer\x64\debug\particleviewer.pdb
c:\users\dsull\code\particleviewer\x64\debug\glfw3.dll
c:\users\dsull\code\particleviewer\particleviewer\x64\debug\particleviewer.ilk
c:\users\dsull\code\particleviewer\particleviewer\x64\debug\particleviewer.tlog\cl.command.1.tlog
c:\users\dsull\code\particleviewer\particleviewer\x64\debug\particleviewer.tlog\cl.items.tlog
c:\users\dsull\code\particleviewer\particleviewer\x64\debug\particleviewer.tlog\cl.read.1.tlog
c:\users\dsull\code\particleviewer\particleviewer\x64\debug\particleviewer.tlog\cl.write.1.tlog
c:\users\dsull\code\particleviewer\particleviewer\x64\debug\particleviewer.tlog\link.command.1.tlog
c:\users\dsull\code\particleviewer\particleviewer\x64\debug\particleviewer.tlog\link.read.1.tlog
c:\users\dsull\code\particleviewer\particleviewer\x64\debug\particleviewer.tlog\link.secondary.1.tlog
c:\users\dsull\code\particleviewer\particleviewer\x64\debug\particleviewer.tlog\link.write.1.tlog
c:\users\dsull\code\particleviewer\particleviewer\x64\debug\particleviewer.tlog\particleviewer.write.1u.tlog
